Assuming unrestricted shared filesystem usage.
None
host: SAM1019135
Building DAG of jobs...
Provided cores: 1 (use --cores to define parallelism)
Rules claiming more threads will be scaled down.
Job stats:
job               count
--------------  -------
stata_analysis        1
total                 1

Select jobs to execute...
Execute 1 jobs...
[Thu Aug  7 21:57:31 2025]
localrule stata_analysis:
    input: C:/Users/hms467/github/snakemake_example/dgp/add_shocks/output/sim_data_shocked.csv, C:/Users/hms467/github/snakemake_example/analysis/stata_analysis/code/stata_analysis.do, C:/Users/hms467/github/snakemake_example/utils/ado_files/ado_example.ado
    output: C:/Users/hms467/github/snakemake_example/analysis/stata_analysis/output/stata_results.tex
    jobid: 0
    reason: Forced execution
    resources: tmpdir=C:\Users\hms467\AppData\Local\Temp
RuleException:
SystemError in file "C:\Users\hms467\github\snakemake_example\rules\analysis.smk", line 30:
using required
r(100);

end of do-file

r(100);

  File "C:\Users\hms467\github\snakemake_example\rules\analysis.smk", line 30, in __rule_stata_analysis
  File "C:\Users\hms467\github\snakemake_example\project_setup.py", line 394, in run_stata
  File "C:\Program Files\Stata18/utilities\pystata\stata.py", line 313, in run
  File "C:\Program Files\Stata18/utilities\pystata\stata.py", line 71, in _stata_wrk1
[Thu Aug  7 21:57:32 2025]
Error in rule stata_analysis:
    message: None
    jobid: 0
    input: C:/Users/hms467/github/snakemake_example/dgp/add_shocks/output/sim_data_shocked.csv, C:/Users/hms467/github/snakemake_example/analysis/stata_analysis/code/stata_analysis.do, C:/Users/hms467/github/snakemake_example/utils/ado_files/ado_example.ado
    output: C:/Users/hms467/github/snakemake_example/analysis/stata_analysis/output/stata_results.tex
Shutting down, this might take some time.
Exiting because a job execution failed. Look below for error messages
[Thu Aug  7 21:57:32 2025]
Error in rule stata_analysis:
    message: None
    jobid: 0
    input: C:/Users/hms467/github/snakemake_example/dgp/add_shocks/output/sim_data_shocked.csv, C:/Users/hms467/github/snakemake_example/analysis/stata_analysis/code/stata_analysis.do, C:/Users/hms467/github/snakemake_example/utils/ado_files/ado_example.ado
    output: C:/Users/hms467/github/snakemake_example/analysis/stata_analysis/output/stata_results.tex
Complete log(s): C:\Users\hms467\github\snakemake_example\.snakemake\log\2025-08-07T215730.661865.snakemake.log
WorkflowError:
At least one job did not complete successfully.
