Assuming unrestricted shared filesystem usage.
None
host: SAM1019135
Building DAG of jobs...
Provided cores: 1 (use --cores to define parallelism)
Rules claiming more threads will be scaled down.
Job stats:
job               count
--------------  -------
all                   1
compile_md            1
compile_tex           1
estimate              1
make_dag              1
shocks                1
simulate              1
stata_analysis        1
tables                1
total                 9

Select jobs to execute...
Execute 1 jobs...
[Thu Aug  7 22:02:10 2025]
localrule make_dag:
    input: Snakefile, C:/Users/hms467/github/snakemake_example/rules/dgp.smk, C:/Users/hms467/github/snakemake_example/rules/analysis.smk, C:/Users/hms467/github/snakemake_example/config.yaml, project_setup.py
    output: dag.pdf
    jobid: 8
    reason: Forced execution
    resources: tmpdir=C:\Users\hms467\AppData\Local\Temp
Select jobs to execute...
[Thu Aug  7 22:02:17 2025]
Finished jobid: 8 (Rule: make_dag)
1 of 9 steps (11%) done
Execute 1 jobs...
[Thu Aug  7 22:02:17 2025]
localrule simulate:
    output: C:/Users/hms467/github/snakemake_example/dgp/simulate_baseline/output/sim_data.csv
    jobid: 4
    reason: Forced execution
    resources: tmpdir=C:\Users\hms467\AppData\Local\Temp
[Thu Aug  7 22:02:21 2025]
Finished jobid: 4 (Rule: simulate)
2 of 9 steps (22%) done
Select jobs to execute...
Execute 1 jobs...
[Thu Aug  7 22:02:21 2025]
localrule shocks:
    input: C:/Users/hms467/github/snakemake_example/dgp/simulate_baseline/output/sim_data.csv, C:/Users/hms467/github/snakemake_example/dgp/add_shocks/code/shocks_funcs.py
    output: C:/Users/hms467/github/snakemake_example/dgp/add_shocks/output/sim_data_shocked.csv
    jobid: 3
    reason: Forced execution
    resources: tmpdir=C:\Users\hms467\AppData\Local\Temp
[Thu Aug  7 22:02:23 2025]
Finished jobid: 3 (Rule: shocks)
3 of 9 steps (33%) done
Select jobs to execute...
Execute 1 jobs...
[Thu Aug  7 22:02:23 2025]
localrule stata_analysis:
    input: C:/Users/hms467/github/snakemake_example/dgp/add_shocks/output/sim_data_shocked.csv, C:/Users/hms467/github/snakemake_example/analysis/stata_analysis/code/stata_analysis.do, C:/Users/hms467/github/snakemake_example/utils/ado_files/ado_example.ado
    output: C:/Users/hms467/github/snakemake_example/analysis/stata_analysis/output/stata_results.tex
    jobid: 2
    reason: Forced execution
    resources: tmpdir=C:\Users\hms467\AppData\Local\Temp
Select jobs to execute...
RuleException:
SystemError in file "C:\Users\hms467\github\snakemake_example\rules\analysis.smk", line 30:

. global logfile "C:\Users\hms467\github\snakemake_example\analysis\stata_analy
> sis\logs\stata_analysis.log"

. global _names "{'stata_results': (0, None)}"
invalid syntax
r(198);
r(198);

end of do-file

r(198);

  File "C:\Users\hms467\github\snakemake_example\rules\analysis.smk", line 30, in __rule_stata_analysis
  File "C:\Users\hms467\github\snakemake_example\project_setup.py", line 394, in run_stata
  File "C:\Program Files\Stata18/utilities\pystata\stata.py", line 313, in run
  File "C:\Program Files\Stata18/utilities\pystata\stata.py", line 71, in _stata_wrk1
[Thu Aug  7 22:02:24 2025]
Error in rule stata_analysis:
    message: None
    jobid: 2
    input: C:/Users/hms467/github/snakemake_example/dgp/add_shocks/output/sim_data_shocked.csv, C:/Users/hms467/github/snakemake_example/analysis/stata_analysis/code/stata_analysis.do, C:/Users/hms467/github/snakemake_example/utils/ado_files/ado_example.ado
    output: C:/Users/hms467/github/snakemake_example/analysis/stata_analysis/output/stata_results.tex
Shutting down, this might take some time.
Exiting because a job execution failed. Look below for error messages
[Thu Aug  7 22:02:24 2025]
Error in rule stata_analysis:
    message: None
    jobid: 2
    input: C:/Users/hms467/github/snakemake_example/dgp/add_shocks/output/sim_data_shocked.csv, C:/Users/hms467/github/snakemake_example/analysis/stata_analysis/code/stata_analysis.do, C:/Users/hms467/github/snakemake_example/utils/ado_files/ado_example.ado
    output: C:/Users/hms467/github/snakemake_example/analysis/stata_analysis/output/stata_results.tex
Complete log(s): C:\Users\hms467\github\snakemake_example\.snakemake\log\2025-08-07T220210.005619.snakemake.log
WorkflowError:
At least one job did not complete successfully.
