Assuming unrestricted shared filesystem usage.
None
host: SAM1019135
Building DAG of jobs...
Provided cores: 1 (use --cores to define parallelism)
Rules claiming more threads will be scaled down.
Job stats:
job         count
--------  -------
make_dag        1
total           1

Select jobs to execute...
Execute 1 jobs...
[Sun Jul 27 17:17:03 2025]
localrule make_dag:
    output: dag.pdf
    jobid: 0
    reason: Forced execution
    resources: tmpdir=C:\Users\hms467\AppData\Local\Temp
[Sun Jul 27 17:17:08 2025]
Finished jobid: 0 (Rule: make_dag)
1 of 1 steps (100%) done
Complete log(s): C:\Users\hms467\github\snakemake_example\.snakemake\log\2025-07-27T171703.297425.snakemake.log
