Assuming unrestricted shared filesystem usage.
None
host: SAM1019135
Building DAG of jobs...
Provided cores: 1 (use --cores to define parallelism)
Rules claiming more threads will be scaled down.
Job stats:
job      count
-----  -------
all          1
total        1

Select jobs to execute...
Execute 1 jobs...
[Sun Jul 27 16:50:57 2025]
localrule all:
    input: C:/Users/hms467/github/snakemake_example/analysis/stata_analysis/stata_results_md.pdf, C:/Users/hms467/github/snakemake_example/analysis/stata_analysis/stata_results_tex.pdf, C:/Users/hms467/github/snakemake_example/analysis/make_tables/output/final_tables.txt
    output: report.html, dag.pdf
    jobid: 0
    reason: Missing output files: dag.pdf
    resources: tmpdir=C:\Users\hms467\AppData\Local\Temp
Waiting at most 5 seconds for missing files:
report.html (missing locally)
MissingOutputException in rule all in file "C:\Users\hms467\github\snakemake_example\Snakefile", line 15:
Job 0 completed successfully, but some output files are missing. Missing files after 5 seconds. This might be due to filesystem latency. If that is the case, consider to increase the wait time with --latency-wait:
report.html (missing locally, parent dir not present)
Removing output files of failed job all since they might be corrupted:
dag.pdf
Shutting down, this might take some time.
Exiting because a job execution failed. Look below for error messages
[Sun Jul 27 16:51:07 2025]
Error in rule all:
    message: None
    jobid: 0
    input: C:/Users/hms467/github/snakemake_example/analysis/stata_analysis/stata_results_md.pdf, C:/Users/hms467/github/snakemake_example/analysis/stata_analysis/stata_results_tex.pdf, C:/Users/hms467/github/snakemake_example/analysis/make_tables/output/final_tables.txt
    output: report.html, dag.pdf
    shell:
        
        snakemake --forceall --dag |dot -Tpdf > dag.pdf
        snakemake --report report.html
        
        (command exited with non-zero exit code)
Traceback (most recent call last):

  File "C:\Users\hms467\Anaconda3\envs\a313_snake\Lib\site-packages\snakemake\cli.py", line 2165, in args_to_api
    dag_api.execute_workflow(
    ~~~~~~~~~~~~~~~~~~~~~~~~^
        executor=args.executor,
        ^^^^^^^^^^^^^^^^^^^^^^^
    ...<48 lines>...
        executor_settings=executor_settings,
        ^^^^^^^^^^^^^^^^^^^^^^^^^^^^^^^^^^^^
    )
    ^

  File "C:\Users\hms467\Anaconda3\envs\a313_snake\Lib\site-packages\snakemake\api.py", line 603, in execute_workflow
    workflow.execute(
    ~~~~~~~~~~~~~~~~^
        executor_plugin=executor_plugin,
        ^^^^^^^^^^^^^^^^^^^^^^^^^^^^^^^^
        executor_settings=executor_settings,
        ^^^^^^^^^^^^^^^^^^^^^^^^^^^^^^^^^^^^
        updated_files=updated_files,
        ^^^^^^^^^^^^^^^^^^^^^^^^^^^^
    )
    ^

  File "C:\Users\hms467\Anaconda3\envs\a313_snake\Lib\site-packages\snakemake\workflow.py", line 1415, in execute
    self.dag.cleanup_workdir()
    ~~~~~~~~~~~~~~~~~~~~~~~~^^

  File "C:\Users\hms467\Anaconda3\envs\a313_snake\Lib\site-packages\snakemake\dag.py", line 324, in cleanup_workdir
    os.removedirs(io_dir)
    ~~~~~~~~~~~~~^^^^^^^^

  File "<frozen os>", line 245, in removedirs

PermissionError: [WinError 5] Access is denied: 'C:/Users/hms467/github/snakemake_example/dgp/simulate_baseline/output'

