Assuming unrestricted shared filesystem usage.
None
host: SAM1019135
Building DAG of jobs...
Provided cores: 1 (use --cores to define parallelism)
Rules claiming more threads will be scaled down.
Job stats:
job      count
-----  -------
all          1
total        1

Select jobs to execute...
Execute 1 jobs...
[Sun Jul 27 16:00:50 2025]
localrule all:
    input: C:/Users/hms467/github/snakemake_example/analysis/stata_analysis/stata_results_md.pdf, C:/Users/hms467/github/snakemake_example/analysis/stata_analysis/stata_results_tex.pdf, C:/Users/hms467/github/snakemake_example/analysis/make_tables/output/final_tables.txt
    output: report.html, dag.pdf
    jobid: 0
    reason: Missing output files: report.html, dag.pdf
    resources: tmpdir=C:\Users\hms467\AppData\Local\Temp

Waiting at most 5 seconds for missing files:
dag.pdf (missing locally)
MissingOutputException in rule all in file "C:\Users\hms467\github\snakemake_example\Snakefile", line 15:
Job 0 completed successfully, but some output files are missing. Missing files after 5 seconds. This might be due to filesystem latency. If that is the case, consider to increase the wait time with --latency-wait:
dag.pdf (missing locally, parent dir not present)
Removing output files of failed job all since they might be corrupted:
report.html
Shutting down, this might take some time.
Exiting because a job execution failed. Look below for error messages
[Sun Jul 27 16:00:58 2025]
Error in rule all:
    message: None
    jobid: 0
    input: C:/Users/hms467/github/snakemake_example/analysis/stata_analysis/stata_results_md.pdf, C:/Users/hms467/github/snakemake_example/analysis/stata_analysis/stata_results_tex.pdf, C:/Users/hms467/github/snakemake_example/analysis/make_tables/output/final_tables.txt
    output: report.html, dag.pdf
    shell:
        
        snakemake --report report.html
        snakemake --forceall --dag |dot -Tpdf > dag.pdf
        
        (command exited with non-zero exit code)
Complete log(s): C:\Users\hms467\github\snakemake_example\.snakemake\log\2025-07-27T160049.413965.snakemake.log
WorkflowError:
At least one job did not complete successfully.
